app/build/intermediates/manifest_merge_blame_file/debug/manifest-merger-blame-debug-report.txt
1<?xml version="1.0" encoding="utf-8"?>
2<manifest xmlns:android="http://schemas.android.com/apk/res/android"
3    package="com.example.project"
4    android:versionCode="1"
5    android:versionName="1.0" >
6
7    <uses-sdk
8        android:minSdkVersion="16"
8-->src\main\AndroidManifest.xml
9        android:targetSdkVersion="30" />
9-->src\main\AndroidManifest.xml
10
11    <uses-permission android:name="android.permission.INTERNET" />
11-->[com.google.firebase:firebase-auth:20.0.3] AndroidManifest.xml:23:5-67
11-->[com.google.firebase:firebase-auth:20.0.3] AndroidManifest.xml:23:22-64
12    <uses-permission android:name="android.permission.ACCESS_NETWORK_STATE" />
12-->[com.google.firebase:firebase-auth:20.0.3] AndroidManifest.xml:24:5-79
12-->[com.google.firebase:firebase-auth:20.0.3] AndroidManifest.xml:24:22-76
13    <uses-permission android:name="android.permission.WAKE_LOCK" />
13-->[com.google.android.gms:play-services-measurement-api:18.0.2] AndroidManifest.xml:24:5-68
13-->[com.google.android.gms:play-services-measurement-api:18.0.2] AndroidManifest.xml:24:22-65
14    <uses-permission android:name="com.google.android.finsky.permission.BIND_GET_INSTALL_REFERRER_SERVICE" />
14-->[com.google.android.gms:play-services-measurement:18.0.2] AndroidManifest.xml:26:5-110
14-->[com.google.android.gms:play-services-measurement:18.0.2] AndroidManifest.xml:26:22-107
15
16    <application
16-->src\main\AndroidManifest.xml:5:5-33:19
17        android:name="androidx.multidex.MultiDexApplication"
18        android:allowBackup="true"
18-->src\main\AndroidManifest.xml:6:9-35
19        android:appComponentFactory="androidx.core.app.CoreComponentFactory"
19-->[androidx.core:core:1.3.1] AndroidManifest.xml:24:18-86
20        android:debuggable="true"
21        android:icon="@mipmap/ic_launcher"
21-->src\main\AndroidManifest.xml:7:9-43
22        android:label="@string/app_name"
22-->src\main\AndroidManifest.xml:8:9-41
23        android:roundIcon="@mipmap/ic_launcher_round"
23-->src\main\AndroidManifest.xml:9:9-54
24        android:supportsRtl="true"
24-->src\main\AndroidManifest.xml:10:9-35
25        android:testOnly="true"
26        android:theme="@style/Theme.Project" >
26-->src\main\AndroidManifest.xml:11:9-45
27        <activity android:name="com.example.project.PostActivity" />
27-->src\main\AndroidManifest.xml:12:9-59
27-->src\main\AndroidManifest.xml:12:19-47
28        <activity android:name="com.example.project.SettingsActivity" />
28-->src\main\AndroidManifest.xml:13:9-63
28-->src\main\AndroidManifest.xml:13:19-51
29        <activity
29-->src\main\AndroidManifest.xml:14:9-17:73
30            android:name="com.example.project.RegisterUser"
30-->src\main\AndroidManifest.xml:15:13-41
31            android:label="@string/title_activity_register_user"
31-->src\main\AndroidManifest.xml:16:13-65
32            android:theme="@style/Theme.Project.NoActionBar" />
32-->src\main\AndroidManifest.xml:17:13-61
33        <activity
33-->src\main\AndroidManifest.xml:18:9-27:20
34            android:name="com.example.project.LoginActivity"
34-->src\main\AndroidManifest.xml:19:13-42
35            android:label="@string/title_activity_login"
35-->src\main\AndroidManifest.xml:20:13-57
36            android:theme="@style/Theme.Project.NoActionBar" >
36-->src\main\AndroidManifest.xml:21:13-61
37            <intent-filter>
37-->src\main\AndroidManifest.xml:22:13-26:29
38                <action android:name="android.intent.action.MAIN" />
38-->src\main\AndroidManifest.xml:23:17-69
38-->src\main\AndroidManifest.xml:23:25-66
39
40                <category android:name="android.intent.category.LAUNCHER" />
40-->src\main\AndroidManifest.xml:25:17-77
40-->src\main\AndroidManifest.xml:25:27-74
41            </intent-filter>
42        </activity>
43        <activity
43-->src\main\AndroidManifest.xml:28:9-31:73
44            android:name="com.example.project.MainActivity"
44-->src\main\AndroidManifest.xml:29:13-41
45            android:label="@string/app_name"
45-->src\main\AndroidManifest.xml:30:13-45
46            android:theme="@style/Theme.Project.NoActionBar" />
46-->src\main\AndroidManifest.xml:31:13-61
47        <activity
47-->[com.google.firebase:firebase-auth:20.0.3] AndroidManifest.xml:27:9-44:20
48            android:name="com.google.firebase.auth.internal.GenericIdpActivity"
48-->[com.google.firebase:firebase-auth:20.0.3] AndroidManifest.xml:28:13-80
49            android:excludeFromRecents="true"
49-->[com.google.firebase:firebase-auth:20.0.3] AndroidManifest.xml:29:13-46
50            android:exported="true"
50-->[com.google.firebase:firebase-auth:20.0.3] AndroidManifest.xml:30:13-36
51            android:launchMode="singleTask"
51-->[com.google.firebase:firebase-auth:20.0.3] AndroidManifest.xml:31:13-44
52            android:theme="@android:style/Theme.Translucent.NoTitleBar" >
52-->[com.google.firebase:firebase-auth:20.0.3] AndroidManifest.xml:32:13-72
53            <intent-filter>
53-->[com.google.firebase:firebase-auth:20.0.3] AndroidManifest.xml:33:13-43:29
54                <action android:name="android.intent.action.VIEW" />
54-->[com.google.firebase:firebase-auth:20.0.3] AndroidManifest.xml:34:17-69
54-->[com.google.firebase:firebase-auth:20.0.3] AndroidManifest.xml:34:25-66
55
56                <category android:name="android.intent.category.DEFAULT" />
56-->[com.google.firebase:firebase-auth:20.0.3] AndroidManifest.xml:36:17-76
56-->[com.google.firebase:firebase-auth:20.0.3] AndroidManifest.xml:36:27-73
57                <category android:name="android.intent.category.BROWSABLE" />
57-->[com.google.firebase:firebase-auth:20.0.3] AndroidManifest.xml:37:17-78
57-->[com.google.firebase:firebase-auth:20.0.3] AndroidManifest.xml:37:27-75
58
59                <data
59-->[com.google.firebase:firebase-auth:20.0.3] AndroidManifest.xml:39:17-42:51
60                    android:host="firebase.auth"
60-->[com.google.firebase:firebase-auth:20.0.3] AndroidManifest.xml:40:21-49
61                    android:path="/"
61-->[com.google.firebase:firebase-auth:20.0.3] AndroidManifest.xml:41:21-37
62                    android:scheme="genericidp" />
62-->[com.google.firebase:firebase-auth:20.0.3] AndroidManifest.xml:42:21-48
63            </intent-filter>
64        </activity>
65        <activity
65-->[com.google.firebase:firebase-auth:20.0.3] AndroidManifest.xml:45:9-62:20
66            android:name="com.google.firebase.auth.internal.RecaptchaActivity"
66-->[com.google.firebase:firebase-auth:20.0.3] AndroidManifest.xml:46:13-79
67            android:excludeFromRecents="true"
67-->[com.google.firebase:firebase-auth:20.0.3] AndroidManifest.xml:47:13-46
68            android:exported="true"
68-->[com.google.firebase:firebase-auth:20.0.3] AndroidManifest.xml:48:13-36
69            android:launchMode="singleTask"
69-->[com.google.firebase:firebase-auth:20.0.3] AndroidManifest.xml:49:13-44
70            android:theme="@android:style/Theme.Translucent.NoTitleBar" >
70-->[com.google.firebase:firebase-auth:20.0.3] AndroidManifest.xml:50:13-72
71            <intent-filter>
71-->[com.google.firebase:firebase-auth:20.0.3] AndroidManifest.xml:51:13-61:29
72                <action android:name="android.intent.action.VIEW" />
72-->[com.google.firebase:firebase-auth:20.0.3] AndroidManifest.xml:34:17-69
72-->[com.google.firebase:firebase-auth:20.0.3] AndroidManifest.xml:34:25-66
73
74                <category android:name="android.intent.category.DEFAULT" />
74-->[com.google.firebase:firebase-auth:20.0.3] AndroidManifest.xml:36:17-76
74-->[com.google.firebase:firebase-auth:20.0.3] AndroidManifest.xml:36:27-73
75                <category android:name="android.intent.category.BROWSABLE" />
75-->[com.google.firebase:firebase-auth:20.0.3] AndroidManifest.xml:37:17-78
75-->[com.google.firebase:firebase-auth:20.0.3] AndroidManifest.xml:37:27-75
76
77                <data
77-->[com.google.firebase:firebase-auth:20.0.3] AndroidManifest.xml:39:17-42:51
78                    android:host="firebase.auth"
78-->[com.google.firebase:firebase-auth:20.0.3] AndroidManifest.xml:40:21-49
79                    android:path="/"
79-->[com.google.firebase:firebase-auth:20.0.3] AndroidManifest.xml:41:21-37
80                    android:scheme="recaptcha" />
80-->[com.google.firebase:firebase-auth:20.0.3] AndroidManifest.xml:42:21-48
81            </intent-filter>
82        </activity>
83
84        <service
84-->[com.google.firebase:firebase-auth:20.0.3] AndroidManifest.xml:64:9-73:19
85            android:name="com.google.firebase.auth.api.fallback.service.FirebaseAuthFallbackService"
85-->[com.google.firebase:firebase-auth:20.0.3] AndroidManifest.xml:65:13-101
86            android:enabled="true"
86-->[com.google.firebase:firebase-auth:20.0.3] AndroidManifest.xml:66:13-35
87            android:exported="false" >
87-->[com.google.firebase:firebase-auth:20.0.3] AndroidManifest.xml:67:13-37
88            <intent-filter>
88-->[com.google.firebase:firebase-auth:20.0.3] AndroidManifest.xml:68:13-72:29
89                <action android:name="com.google.firebase.auth.api.gms.service.START" />
89-->[com.google.firebase:firebase-auth:20.0.3] AndroidManifest.xml:69:17-89
89-->[com.google.firebase:firebase-auth:20.0.3] AndroidManifest.xml:69:25-86
90
91                <category android:name="android.intent.category.DEFAULT" />
91-->[com.google.firebase:firebase-auth:20.0.3] AndroidManifest.xml:36:17-76
91-->[com.google.firebase:firebase-auth:20.0.3] AndroidManifest.xml:36:27-73
92            </intent-filter>
93        </service>
94        <service
94-->[com.google.firebase:firebase-auth:20.0.3] AndroidManifest.xml:74:9-80:19
95            android:name="com.google.firebase.components.ComponentDiscoveryService"
95-->[com.google.firebase:firebase-auth:20.0.3] AndroidManifest.xml:75:13-84
96            android:directBootAware="true"
96-->[com.google.firebase:firebase-common:19.5.0] AndroidManifest.xml:35:13-43
97            android:exported="false" >
97-->[com.google.firebase:firebase-auth:20.0.3] AndroidManifest.xml:76:13-37
98            <meta-data
98-->[com.google.firebase:firebase-auth:20.0.3] AndroidManifest.xml:77:13-79:85
99                android:name="com.google.firebase.components:com.google.firebase.auth.FirebaseAuthRegistrar"
99-->[com.google.firebase:firebase-auth:20.0.3] AndroidManifest.xml:78:17-109
100                android:value="com.google.firebase.components.ComponentRegistrar" />
100-->[com.google.firebase:firebase-auth:20.0.3] AndroidManifest.xml:79:17-82
101            <meta-data
101-->[com.google.firebase:firebase-firestore:22.1.2] AndroidManifest.xml:20:13-22:85
102                android:name="com.google.firebase.components:com.google.firebase.firestore.FirestoreRegistrar"
102-->[com.google.firebase:firebase-firestore:22.1.2] AndroidManifest.xml:21:17-111
103                android:value="com.google.firebase.components.ComponentRegistrar" />
103-->[com.google.firebase:firebase-firestore:22.1.2] AndroidManifest.xml:22:17-82
104            <meta-data
104-->[com.google.firebase:firebase-database:19.7.0] AndroidManifest.xml:32:13-34:85
105                android:name="com.google.firebase.components:com.google.firebase.database.DatabaseRegistrar"
105-->[com.google.firebase:firebase-database:19.7.0] AndroidManifest.xml:33:17-109
106                android:value="com.google.firebase.components.ComponentRegistrar" />
106-->[com.google.firebase:firebase-database:19.7.0] AndroidManifest.xml:34:17-82
107            <meta-data
107-->[com.google.firebase:firebase-storage:19.2.2] AndroidManifest.xml:33:13-35:85
108                android:name="com.google.firebase.components:com.google.firebase.storage.StorageRegistrar"
108-->[com.google.firebase:firebase-storage:19.2.2] AndroidManifest.xml:34:17-107
109                android:value="com.google.firebase.components.ComponentRegistrar" />
109-->[com.google.firebase:firebase-storage:19.2.2] AndroidManifest.xml:35:17-82
110            <meta-data
110-->[com.google.android.gms:play-services-measurement-api:18.0.2] AndroidManifest.xml:30:13-32:85
111                android:name="com.google.firebase.components:com.google.firebase.analytics.connector.internal.AnalyticsConnectorRegistrar"
111-->[com.google.android.gms:play-services-measurement-api:18.0.2] AndroidManifest.xml:31:17-139
112                android:value="com.google.firebase.components.ComponentRegistrar" />
112-->[com.google.android.gms:play-services-measurement-api:18.0.2] AndroidManifest.xml:32:17-82
113            <meta-data
113-->[com.google.firebase:firebase-installations:16.3.5] AndroidManifest.xml:18:13-20:85
114                android:name="com.google.firebase.components:com.google.firebase.installations.FirebaseInstallationsRegistrar"
114-->[com.google.firebase:firebase-installations:16.3.5] AndroidManifest.xml:19:17-127
115                android:value="com.google.firebase.components.ComponentRegistrar" />
115-->[com.google.firebase:firebase-installations:16.3.5] AndroidManifest.xml:20:17-82
116            <!--
117                This registrar is not defined in the dynamic-module-support sdk itself to allow non-firebase
118                clients to use it as well, by defining this registrar in their own core/common library.
119            -->
120            <meta-data
120-->[com.google.firebase:firebase-common:19.5.0] AndroidManifest.xml:43:13-45:85
121                android:name="com.google.firebase.components:com.google.firebase.dynamicloading.DynamicLoadingRegistrar"
121-->[com.google.firebase:firebase-common:19.5.0] AndroidManifest.xml:44:17-121
122                android:value="com.google.firebase.components.ComponentRegistrar" />
122-->[com.google.firebase:firebase-common:19.5.0] AndroidManifest.xml:45:17-82
123        </service>
124
125        <activity
125-->[com.google.android.gms:play-services-auth:19.0.0] AndroidManifest.xml:23:9-27:75
126            android:name="com.google.android.gms.auth.api.signin.internal.SignInHubActivity"
126-->[com.google.android.gms:play-services-auth:19.0.0] AndroidManifest.xml:24:13-93
127            android:excludeFromRecents="true"
127-->[com.google.android.gms:play-services-auth:19.0.0] AndroidManifest.xml:25:13-46
128            android:exported="false"
128-->[com.google.android.gms:play-services-auth:19.0.0] AndroidManifest.xml:26:13-37
129            android:theme="@android:style/Theme.Translucent.NoTitleBar" />
129-->[com.google.android.gms:play-services-auth:19.0.0] AndroidManifest.xml:27:13-72
130        <!--
131            Service handling Google Sign-In user revocation. For apps that do not integrate with
132            Google Sign-In, this service will never be started.
133        -->
134        <service
134-->[com.google.android.gms:play-services-auth:19.0.0] AndroidManifest.xml:33:9-37:51
135            android:name="com.google.android.gms.auth.api.signin.RevocationBoundService"
135-->[com.google.android.gms:play-services-auth:19.0.0] AndroidManifest.xml:34:13-89
136            android:exported="true"
136-->[com.google.android.gms:play-services-auth:19.0.0] AndroidManifest.xml:35:13-36
137            android:permission="com.google.android.gms.auth.api.signin.permission.REVOCATION_NOTIFICATION"
137-->[com.google.android.gms:play-services-auth:19.0.0] AndroidManifest.xml:36:13-107
138            android:visibleToInstantApps="true" />
138-->[com.google.android.gms:play-services-auth:19.0.0] AndroidManifest.xml:37:13-48
139
140        <provider
140-->[com.google.firebase:firebase-common:19.5.0] AndroidManifest.xml:26:9-31:39
141            android:name="com.google.firebase.provider.FirebaseInitProvider"
141-->[com.google.firebase:firebase-common:19.5.0] AndroidManifest.xml:27:13-77
142            android:authorities="com.example.project.firebaseinitprovider"
142-->[com.google.firebase:firebase-common:19.5.0] AndroidManifest.xml:28:13-72
143            android:directBootAware="true"
143-->[com.google.firebase:firebase-common:19.5.0] AndroidManifest.xml:29:13-43
144            android:exported="false"
144-->[com.google.firebase:firebase-common:19.5.0] AndroidManifest.xml:30:13-37
145            android:initOrder="100" />
145-->[com.google.firebase:firebase-common:19.5.0] AndroidManifest.xml:31:13-36
146
147        <activity
147-->[com.google.android.gms:play-services-base:17.1.0] AndroidManifest.xml:23:9-26:75
148            android:name="com.google.android.gms.common.api.GoogleApiActivity"
148-->[com.google.android.gms:play-services-base:17.1.0] AndroidManifest.xml:24:13-79
149            android:exported="false"
149-->[com.google.android.gms:play-services-base:17.1.0] AndroidManifest.xml:25:13-37
150            android:theme="@android:style/Theme.Translucent.NoTitleBar" />
150-->[com.google.android.gms:play-services-base:17.1.0] AndroidManifest.xml:26:13-72
151
152        <receiver
152-->[com.google.android.gms:play-services-measurement:18.0.2] AndroidManifest.xml:29:9-33:20
153            android:name="com.google.android.gms.measurement.AppMeasurementReceiver"
153-->[com.google.android.gms:play-services-measurement:18.0.2] AndroidManifest.xml:30:13-85
154            android:enabled="true"
154-->[com.google.android.gms:play-services-measurement:18.0.2] AndroidManifest.xml:31:13-35
155            android:exported="false" >
155-->[com.google.android.gms:play-services-measurement:18.0.2] AndroidManifest.xml:32:13-37
156        </receiver>
157
158        <service
158-->[com.google.android.gms:play-services-measurement:18.0.2] AndroidManifest.xml:35:9-38:40
159            android:name="com.google.android.gms.measurement.AppMeasurementService"
159-->[com.google.android.gms:play-services-measurement:18.0.2] AndroidManifest.xml:36:13-84
160            android:enabled="true"
160-->[com.google.android.gms:play-services-measurement:18.0.2] AndroidManifest.xml:37:13-35
161            android:exported="false" />
161-->[com.google.android.gms:play-services-measurement:18.0.2] AndroidManifest.xml:38:13-37
162        <service
162-->[com.google.android.gms:play-services-measurement:18.0.2] AndroidManifest.xml:39:9-43:72
163            android:name="com.google.android.gms.measurement.AppMeasurementJobService"
163-->[com.google.android.gms:play-services-measurement:18.0.2] AndroidManifest.xml:40:13-87
164            android:enabled="true"
164-->[com.google.android.gms:play-services-measurement:18.0.2] AndroidManifest.xml:41:13-35
165            android:exported="false"
165-->[com.google.android.gms:play-services-measurement:18.0.2] AndroidManifest.xml:42:13-37
166            android:permission="android.permission.BIND_JOB_SERVICE" />
166-->[com.google.android.gms:play-services-measurement:18.0.2] AndroidManifest.xml:43:13-69
167
168        <meta-data
168-->[com.google.android.gms:play-services-basement:17.1.1] AndroidManifest.xml:23:9-25:69
169            android:name="com.google.android.gms.version"
169-->[com.google.android.gms:play-services-basement:17.1.1] AndroidManifest.xml:24:13-58
170            android:value="@integer/google_play_services_version" />
170-->[com.google.android.gms:play-services-basement:17.1.1] AndroidManifest.xml:25:13-66
171    </application>
172
173</manifest>